# JRE version: Java(TM) SE Runtime Environment (8.0_281-b09) (build 1.8.0_281-b09)
# Java VM: Java HotSpot(TM) 64-Bit Server VM (25.281-b09 mixed mode bsd-amd64 compressed oops)
Heap:
 PSYoungGen      total 211968K, used 155625K [0x00000007b0000000, 0x00000007c0000000, 0x00000007c0000000)
  eden space 162816K, 73% used [0x00000007b0000000,0x00000007b741d600,0x00000007b9f00000)
  from space 49152K, 74% used [0x00000007b9f00000,0x00000007bc2dcec8,0x00000007bcf00000)
  to   space 48640K, 0% used [0x00000007bd080000,0x00000007bd080000,0x00000007c0000000)
 ParOldGen       total 524288K, used 431736K [0x0000000790000000, 0x00000007b0000000, 0x00000007b0000000)
  object space 524288K, 82% used [0x0000000790000000,0x00000007aa59e1b8,0x00000007b0000000)
 Metaspace       used 136624K, capacity 142382K, committed 142464K, reserved 1175552K
  class space    used 13419K, capacity 15441K, committed 15488K, reserved 1048576K
GC Heap History (10 events):
Event: 2637.337 GC heap before
{Heap before GC invocations=117 (full 4):
 PSYoungGen      total 207360K, used 183920K [0x00000007b0000000, 0x00000007c0000000, 0x00000007c0000000)
  eden space 150528K, 100% used [0x00000007b0000000,0x00000007b9300000,0x00000007b9300000)
  from space 56832K, 58% used [0x00000007bc880000,0x00000007be91c0d0,0x00000007c0000000)
  to   space 54784K, 0% used [0x00000007b9300000,0x00000007b9300000,0x00000007bc880000)
 ParOldGen       total 524288K, used 425802K [0x0000000790000000, 0x00000007b0000000, 0x00000007b0000000)
  object space 524288K, 81% used [0x0000000790000000,0x00000007a9fd2940,0x00000007b0000000)
 Metaspace       used 135312K, capacity 140648K, committed 140800K, reserved 1175552K
  class space    used 13149K, capacity 15037K, committed 15104K, reserved 1048576K
Event: 2637.360 GC heap after
Heap after GC invocations=117 (full 4):
 PSYoungGen      total 205312K, used 33561K [0x00000007b0000000, 0x00000007c0000000, 0x00000007c0000000)
  eden space 150528K, 0% used [0x00000007b0000000,0x00000007b0000000,0x00000007b9300000)
  from space 54784K, 61% used [0x00000007b9300000,0x00000007bb3c65d0,0x00000007bc880000)
  to   space 52736K, 0% used [0x00000007bcc80000,0x00000007bcc80000,0x00000007c0000000)
 ParOldGen       total 524288K, used 425970K [0x0000000790000000, 0x00000007b0000000, 0x00000007b0000000)
  object space 524288K, 81% used [0x0000000790000000,0x00000007a9ffc940,0x00000007b0000000)
 Metaspace       used 135312K, capacity 140648K, committed 140800K, reserved 1175552K
  class space    used 13149K, capacity 15037K, committed 15104K, reserved 1048576K
}
Event: 2638.201 GC heap before
{Heap before GC invocations=118 (full 4):
 PSYoungGen      total 205312K, used 184089K [0x00000007b0000000, 0x00000007c0000000, 0x00000007c0000000)
  eden space 150528K, 100% used [0x00000007b0000000,0x00000007b9300000,0x00000007b9300000)
  from space 54784K, 61% used [0x00000007b9300000,0x00000007bb3c65d0,0x00000007bc880000)
  to   space 52736K, 0% used [0x00000007bcc80000,0x00000007bcc80000,0x00000007c0000000)
 ParOldGen       total 524288K, used 425970K [0x0000000790000000, 0x00000007b0000000, 0x00000007b0000000)
  object space 524288K, 81% used [0x0000000790000000,0x00000007a9ffc940,0x00000007b0000000)
 Metaspace       used 135331K, capacity 140690K, committed 140800K, reserved 1175552K
  class space    used 13153K, capacity 15044K, committed 15104K, reserved 1048576K
Event: 2638.218 GC heap after
Heap after GC invocations=118 (full 4):
 PSYoungGen      total 210944K, used 33208K [0x00000007b0000000, 0x00000007c0000000, 0x00000007c0000000)
  eden space 158208K, 0% used [0x00000007b0000000,0x00000007b0000000,0x00000007b9a80000)
  from space 52736K, 62% used [0x00000007bcc80000,0x00000007becee088,0x00000007c0000000)
  to   space 51200K, 0% used [0x00000007b9a80000,0x00000007b9a80000,0x00000007bcc80000)
 ParOldGen       total 524288K, used 427659K [0x0000000790000000, 0x00000007b0000000, 0x00000007b0000000)
  object space 524288K, 81% used [0x0000000790000000,0x00000007aa1a2fb0,0x00000007b0000000)
 Metaspace       used 135331K, capacity 140690K, committed 140800K, reserved 1175552K
  class space    used 13153K, capacity 15044K, committed 15104K, reserved 1048576K
}
Event: 2658.030 GC heap before
{Heap before GC invocations=119 (full 4):
 PSYoungGen      total 210944K, used 191416K [0x00000007b0000000, 0x00000007c0000000, 0x00000007c0000000)
  eden space 158208K, 100% used [0x00000007b0000000,0x00000007b9a80000,0x00000007b9a80000)
  from space 52736K, 62% used [0x00000007bcc80000,0x00000007becee088,0x00000007c0000000)
  to   space 51200K, 0% used [0x00000007b9a80000,0x00000007b9a80000,0x00000007bcc80000)
 ParOldGen       total 524288K, used 427659K [0x0000000790000000, 0x00000007b0000000, 0x00000007b0000000)
  object space 524288K, 81% used [0x0000000790000000,0x00000007aa1a2fb0,0x00000007b0000000)
 Metaspace       used 135590K, capacity 141138K, committed 141440K, reserved 1175552K
  class space    used 13211K, capacity 15144K, committed 15232K, reserved 1048576K
Event: 2658.057 GC heap after
Heap after GC invocations=119 (full 4):
 PSYoungGen      total 209408K, used 30941K [0x00000007b0000000, 0x00000007c0000000, 0x00000007c0000000)
  eden space 158208K, 0% used [0x00000007b0000000,0x00000007b0000000,0x00000007b9a80000)
  from space 51200K, 60% used [0x00000007b9a80000,0x00000007bb8b7778,0x00000007bcc80000)
  to   space 50176K, 0% used [0x00000007bcf00000,0x00000007bcf00000,0x00000007c0000000)
 ParOldGen       total 524288K, used 430595K [0x0000000790000000, 0x00000007b0000000, 0x00000007b0000000)
  object space 524288K, 82% used [0x0000000790000000,0x00000007aa480fc0,0x00000007b0000000)
 Metaspace       used 135590K, capacity 141138K, committed 141440K, reserved 1175552K
  class space    used 13211K, capacity 15144K, committed 15232K, reserved 1048576K
}
Event: 2674.363 GC heap before
{Heap before GC invocations=120 (full 4):
 PSYoungGen      total 209408K, used 189149K [0x00000007b0000000, 0x00000007c0000000, 0x00000007c0000000)
  eden space 158208K, 100% used [0x00000007b0000000,0x00000007b9a80000,0x00000007b9a80000)
  from space 51200K, 60% used [0x00000007b9a80000,0x00000007bb8b7778,0x00000007bcc80000)
  to   space 50176K, 0% used [0x00000007bcf00000,0x00000007bcf00000,0x00000007c0000000)
 ParOldGen       total 524288K, used 430595K [0x0000000790000000, 0x00000007b0000000, 0x00000007b0000000)
  object space 524288K, 82% used [0x0000000790000000,0x00000007aa480fc0,0x00000007b0000000)
 Metaspace       used 135978K, capacity 141576K, committed 141696K, reserved 1175552K
  class space    used 13249K, capacity 15198K, committed 15232K, reserved 1048576K
Event: 2674.379 GC heap after
Heap after GC invocations=120 (full 4):
 PSYoungGen      total 212992K, used 36098K [0x00000007b0000000, 0x00000007c0000000, 0x00000007c0000000)
  eden space 162816K, 0% used [0x00000007b0000000,0x00000007b0000000,0x00000007b9f00000)
  from space 50176K, 71% used [0x00000007bcf00000,0x00000007bf240808,0x00000007c0000000)
  to   space 49152K, 0% used [0x00000007b9f00000,0x00000007b9f00000,0x00000007bcf00000)
 ParOldGen       total 524288K, used 430603K [0x0000000790000000, 0x00000007b0000000, 0x00000007b0000000)
  object space 524288K, 82% used [0x0000000790000000,0x00000007aa482fc0,0x00000007b0000000)
 Metaspace       used 135978K, capacity 141576K, committed 141696K, reserved 1175552K
  class space    used 13249K, capacity 15198K, committed 15232K, reserved 1048576K
}
Event: 2674.706 GC heap before
{Heap before GC invocations=121 (full 4):
 PSYoungGen      total 212992K, used 198914K [0x00000007b0000000, 0x00000007c0000000, 0x00000007c0000000)
  eden space 162816K, 100% used [0x00000007b0000000,0x00000007b9f00000,0x00000007b9f00000)
  from space 50176K, 71% used [0x00000007bcf00000,0x00000007bf240808,0x00000007c0000000)
  to   space 49152K, 0% used [0x00000007b9f00000,0x00000007b9f00000,0x00000007bcf00000)
 ParOldGen       total 524288K, used 430603K [0x0000000790000000, 0x00000007b0000000, 0x00000007b0000000)
  object space 524288K, 82% used [0x0000000790000000,0x00000007aa482fc0,0x00000007b0000000)
 Metaspace       used 136374K, capacity 141982K, committed 142080K, reserved 1175552K
  class space    used 13353K, capacity 15355K, committed 15360K, reserved 1048576K
Event: 2674.722 GC heap after
Heap after GC invocations=121 (full 4):
 PSYoungGen      total 211968K, used 36723K [0x00000007b0000000, 0x00000007c0000000, 0x00000007c0000000)
  eden space 162816K, 0% used [0x00000007b0000000,0x00000007b0000000,0x00000007b9f00000)
  from space 49152K, 74% used [0x00000007b9f00000,0x00000007bc2dcec8,0x00000007bcf00000)
  to   space 48640K, 0% used [0x00000007bd080000,0x00000007bd080000,0x00000007c0000000)
 ParOldGen       total 524288K, used 431736K [0x0000000790000000, 0x00000007b0000000, 0x00000007b0000000)
  object space 524288K, 82% used [0x0000000790000000,0x00000007aa59e1b8,0x00000007b0000000)
 Metaspace       used 136374K, capacity 141982K, committed 142080K, reserved 1175552K
  class space    used 13353K, capacity 15355K, committed 15360K, reserved 1048576K
}

